<?xml version="1.0" encoding="UTF-8"?>
<testng-results ignored="0" total="3" passed="3" failed="0" skipped="0">
  <reporter-output>
  </reporter-output>
  <suite started-at="2018-12-10T03:43:28Z" name="OrangeHRM Application teamwork" finished-at="2018-12-10T03:43:47Z" duration-ms="18490">
    <groups>
    </groups>
    <test started-at="2018-12-10T03:43:28Z" name="Login Page Test" finished-at="2018-12-10T03:43:40Z" duration-ms="11909">
      <class name="test.LoginTests">
        <test-method is-config="true" signature="start(java.lang.String)[pri:0, instance:test.LoginTests@4de4b452]" started-at="2018-12-10T03:43:28Z" name="start" finished-at="2018-12-10T03:43:34Z" duration-ms="5369" status="PASS">
          <params>
            <param index="0">
              <value>
                <![CDATA[chrome]]>
              </value>
            </param>
          </params>
          <reporter-output>
          </reporter-output>
        </test-method> <!-- start -->
        <test-method signature="verifyLogIn()[pri:0, instance:test.LoginTests@4de4b452]" started-at="2018-12-10T03:43:34Z" name="verifyLogIn" finished-at="2018-12-10T03:43:35Z" duration-ms="1488" status="PASS">
          <reporter-output>
          </reporter-output>
        </test-method> <!-- verifyLogIn -->
        <test-method is-config="true" signature="finish()[pri:0, instance:test.LoginTests@4de4b452]" started-at="2018-12-10T03:43:35Z" name="finish" finished-at="2018-12-10T03:43:35Z" duration-ms="181" status="PASS">
          <reporter-output>
          </reporter-output>
        </test-method> <!-- finish -->
        <test-method is-config="true" signature="start(java.lang.String)[pri:0, instance:test.LoginTests@4de4b452]" started-at="2018-12-10T03:43:35Z" name="start" finished-at="2018-12-10T03:43:40Z" duration-ms="4643" status="PASS">
          <params>
            <param index="0">
              <value>
                <![CDATA[chrome]]>
              </value>
            </param>
          </params>
          <reporter-output>
          </reporter-output>
        </test-method> <!-- start -->
        <test-method signature="verifyLogoPresent()[pri:0, instance:test.LoginTests@4de4b452]" started-at="2018-12-10T03:43:40Z" name="verifyLogoPresent" finished-at="2018-12-10T03:43:40Z" duration-ms="36" status="PASS">
          <reporter-output>
          </reporter-output>
        </test-method> <!-- verifyLogoPresent -->
        <test-method is-config="true" signature="finish()[pri:0, instance:test.LoginTests@4de4b452]" started-at="2018-12-10T03:43:40Z" name="finish" finished-at="2018-12-10T03:43:40Z" duration-ms="176" status="PASS">
          <reporter-output>
          </reporter-output>
        </test-method> <!-- finish -->
      </class> <!-- test.LoginTests -->
    </test> <!-- Login Page Test -->
    <test started-at="2018-12-10T03:43:40Z" name="Dashboard Page test" finished-at="2018-12-10T03:43:47Z" duration-ms="6535">
      <class name="test.DashboardTests">
        <test-method is-config="true" signature="initialTest(java.lang.String)[pri:0, instance:test.DashboardTests@505fc5a4]" started-at="2018-12-10T03:43:40Z" name="initialTest" finished-at="2018-12-10T03:43:45Z" duration-ms="4595" status="PASS">
          <params>
            <param index="0">
              <value>
                <![CDATA[chrome]]>
              </value>
            </param>
          </params>
          <reporter-output>
          </reporter-output>
        </test-method> <!-- initialTest -->
        <test-method signature="VerifyLoggedUser()[pri:0, instance:test.DashboardTests@505fc5a4]" started-at="2018-12-10T03:43:45Z" name="VerifyLoggedUser" finished-at="2018-12-10T03:43:46Z" duration-ms="1690" status="PASS">
          <reporter-output>
          </reporter-output>
        </test-method> <!-- VerifyLoggedUser -->
        <test-method is-config="true" signature="closingTest()[pri:0, instance:test.DashboardTests@505fc5a4]" started-at="2018-12-10T03:43:46Z" name="closingTest" finished-at="2018-12-10T03:43:47Z" duration-ms="250" status="PASS">
          <reporter-output>
          </reporter-output>
        </test-method> <!-- closingTest -->
      </class> <!-- test.DashboardTests -->
    </test> <!-- Dashboard Page test -->
  </suite> <!-- OrangeHRM Application teamwork -->
</testng-results>
