<?xml version="1.0" encoding="UTF-8"?>
<testng-results skipped="0" failed="0" ignored="0" total="1" passed="1">
  <reporter-output>
  </reporter-output>
  <suite name="OrangeHRM Application teamwork" duration-ms="6930" started-at="2018-12-07T19:32:56Z" finished-at="2018-12-07T19:33:03Z">
    <groups>
    </groups>
    <test name="Login Page Test" duration-ms="6930" started-at="2018-12-07T19:32:56Z" finished-at="2018-12-07T19:33:03Z">
      <class name="test.LoginTests">
        <test-method status="PASS" signature="start()[pri:0, instance:test.LoginTests@3b084709]" name="start" is-config="true" duration-ms="4860" started-at="2018-12-07T19:32:56Z" finished-at="2018-12-07T19:33:01Z">
          <reporter-output>
          </reporter-output>
        </test-method> <!-- start -->
        <test-method status="PASS" signature="verifyLogIn()[pri:0, instance:test.LoginTests@3b084709]" name="verifyLogIn" duration-ms="1891" started-at="2018-12-07T19:33:01Z" finished-at="2018-12-07T19:33:03Z">
          <reporter-output>
          </reporter-output>
        </test-method> <!-- verifyLogIn -->
        <test-method status="PASS" signature="finish()[pri:0, instance:test.LoginTests@3b084709]" name="finish" is-config="true" duration-ms="152" started-at="2018-12-07T19:33:03Z" finished-at="2018-12-07T19:33:03Z">
          <reporter-output>
          </reporter-output>
        </test-method> <!-- finish -->
      </class> <!-- test.LoginTests -->
    </test> <!-- Login Page Test -->
  </suite> <!-- OrangeHRM Application teamwork -->
</testng-results>
