<?xml version="1.0" encoding="UTF-8"?>
<testsuite xmlns:xsi="http://www.w3.org/2001/XMLSchema-instance" xsi:noNamespaceSchemaLocation="https://maven.apache.org/surefire/maven-surefire-plugin/xsd/surefire-test-report.xsd" name="TestSuite" time="7.361" tests="5" errors="0" skipped="2" failures="1">
  <properties>
[...]
</properties>
  <testcase name="verifyLogIn" classname="test.LoginTests" time="1.369"/>
  <testcase name="verifyLogoPresent" classname="test.LoginTests" time="0.042"/>
  <testcase name="initialTest" classname="test.DashboardTests" time="0.26">
    <failure message="org/openqa/selenium/remote/SessionNotFoundException" type="java.lang.NoClassDefFoundError">java.lang.NoClassDefFoundError: org/openqa/selenium/remote/SessionNotFoundException
	at test.DashboardTests.initialTest(DashboardTests.java:20)
Caused by: java.lang.ClassNotFoundException: org.openqa.selenium.remote.SessionNotFoundException
	at test.DashboardTests.initialTest(DashboardTests.java:20)
</failure>
  </testcase>
  <testcase name="VerifyLoggedUser" classname="test.DashboardTests" time="0">
    <skipped message="org/openqa/selenium/remote/SessionNotFoundException"/>
  </testcase>
  <testcase name="closingTest" classname="test.DashboardTests" time="0">
    <skipped/>
  </testcase>
</testsuite>