<?xml version="1.0" encoding="UTF-8"?>
<testng-results ignored="0" total="1" passed="1" failed="0" skipped="0">
  <reporter-output>
  </reporter-output>
  <suite started-at="2018-12-10T01:18:00Z" name="Default suite" finished-at="2018-12-10T01:18:07Z" duration-ms="6991">
    <groups>
    </groups>
    <test started-at="2018-12-10T01:18:00Z" name="Default test" finished-at="2018-12-10T01:18:07Z" duration-ms="6991">
      <class name="test.DashboardTests">
        <test-method is-config="true" signature="initialTest()[pri:0, instance:test.DashboardTests@3b6ddd1d]" started-at="2018-12-10T01:18:00Z" name="initialTest" finished-at="2018-12-10T01:18:05Z" duration-ms="4570" status="PASS">
          <reporter-output>
          </reporter-output>
        </test-method> <!-- initialTest -->
        <test-method signature="VerifyLoggedUser()[pri:0, instance:test.DashboardTests@3b6ddd1d]" started-at="2018-12-10T01:18:05Z" name="VerifyLoggedUser" finished-at="2018-12-10T01:18:07Z" duration-ms="2181" status="PASS">
          <reporter-output>
          </reporter-output>
        </test-method> <!-- VerifyLoggedUser -->
        <test-method is-config="true" signature="closingTest()[pri:0, instance:test.DashboardTests@3b6ddd1d]" started-at="2018-12-10T01:18:07Z" name="closingTest" finished-at="2018-12-10T01:18:07Z" duration-ms="219" status="PASS">
          <reporter-output>
          </reporter-output>
        </test-method> <!-- closingTest -->
      </class> <!-- test.DashboardTests -->
    </test> <!-- Default test -->
  </suite> <!-- Default suite -->
</testng-results>
