<?xml version="1.0" encoding="UTF-8"?>
<!-- Generated by org.testng.reporters.JUnitXMLReporter -->
<testsuite ignored="0" hostname="mohammads-MBP.fios-router.home" failures="0" tests="1" name="Dashboard Page test" time="0.026" errors="0" timestamp="07 Dec 2018 22:02:45 GMT">
  <testcase classname="test.DashboardTests" name="@BeforeMethod initialTest" time="0.019">
    <failure type="java.lang.NoClassDefFoundError" message="org/openqa/selenium/remote/SessionNotFoundException">
      <![CDATA[java.lang.NoClassDefFoundError: org/openqa/selenium/remote/SessionNotFoundException
at utils.BaseClass.initialSetup(BaseClass.java:34)
at test.DashboardTests.initialTest(DashboardTests.java:20)
Caused by: java.lang.ClassNotFoundException: org.openqa.selenium.remote.SessionNotFoundException
at java.base/jdk.internal.loader.BuiltinClassLoader.loadClass(BuiltinClassLoader.java:582)
at java.base/jdk.internal.loader.ClassLoaders$AppClassLoader.loadClass(ClassLoaders.java:190)
at java.base/java.lang.ClassLoader.loadClass(ClassLoader.java:499)
... 34 more
... Removed 32 stack frames]]>
    </failure>
  </testcase> <!-- @BeforeMethod initialTest -->
  <testcase classname="test.DashboardTests" name="@AfterMethod closingTest" time="0.0">
    <skipped/>
  </testcase> <!-- @AfterMethod closingTest -->
  <testcase classname="test.DashboardTests" name="VerifyLoggedUser" time="0.0">
    <skipped/>
  </testcase> <!-- VerifyLoggedUser -->
</testsuite> <!-- Dashboard Page test -->
